[2021-02-20 16:01:32,808] [INFO] - FGSH_server: FGSH_server started
[2021-02-20 16:01:33,287] [INFO] - FGSH_server: FGSH_server started
[2021-02-20 16:03:14,881] [INFO] - FGSH_server: FGSH_server started
[2021-02-20 16:03:15,392] [INFO] - FGSH_server: FGSH_server started
[2021-02-20 16:03:28,787] [INFO] - FGSH_server: FGSH_server started
[2021-02-20 16:04:20,215] [INFO] - FGSH_server: FGSH_server started
[2021-02-20 16:04:20,707] [INFO] - FGSH_server: FGSH_server started
[2021-02-20 16:04:49,400] [INFO] - FGSH_server: FGSH_server started
[2021-02-20 16:04:49,892] [INFO] - FGSH_server: FGSH_server started
[2021-02-20 16:07:53,255] [INFO] - FGSH_server: FGSH_server started
[2021-02-20 16:08:07,923] [INFO] - FGSH_server: FGSH_server started
[2021-02-20 16:08:16,349] [INFO] - FGSH_server: FGSH_server started
[2021-02-20 16:08:27,679] [INFO] - FGSH_server: FGSH_server started
[2021-02-20 16:08:28,185] [INFO] - FGSH_server: FGSH_server started
[2021-02-20 16:09:51,488] [INFO] - FGSH_server: FGSH_server started
[2021-02-20 16:09:52,014] [INFO] - FGSH_server: FGSH_server started
[2021-02-20 16:15:52,004] [INFO] - FGSH_server: FGSH_server stoped
[2021-02-20 16:15:52,547] [INFO] - FGSH_server: FGSH_server started
[2021-02-20 16:16:40,198] [INFO] - FGSH_server: FGSH_server stoped
[2021-02-20 16:16:40,741] [INFO] - FGSH_server: FGSH_server started
[2021-02-20 16:17:22,335] [INFO] - FGSH_server: FGSH_server stoped
[2021-02-20 16:17:22,936] [INFO] - FGSH_server: FGSH_server started
[2021-02-20 16:18:39,063] [INFO] - FGSH_server: FGSH_server started
[2021-02-20 16:18:39,587] [INFO] - FGSH_server: FGSH_server started
[2021-02-20 16:19:56,056] [INFO] - FGSH_server: FGSH_server stoped
[2021-02-20 16:19:56,613] [INFO] - FGSH_server: FGSH_server started
[2021-02-20 16:19:59,678] [DEBUG] - FGSH_server: create_user started
[2021-02-20 16:19:59,679] [WARNING] - FGSH_server: Entity '<class 'app.users.models.User'>' has no property 'username'
[2021-02-20 16:19:59,679] [DEBUG] - FGSH_server: create_user finished
[2021-02-20 16:20:23,631] [INFO] - FGSH_server: FGSH_server stoped
[2021-02-20 16:20:24,178] [INFO] - FGSH_server: FGSH_server started
[2021-02-20 16:20:26,336] [DEBUG] - FGSH_server: create_user started
[2021-02-20 16:20:26,574] [DEBUG] - FGSH_server: create_user finished
[2021-02-20 16:20:46,980] [INFO] - FGSH_server: FGSH_server stoped
[2021-02-20 16:20:47,594] [INFO] - FGSH_server: FGSH_server started
[2021-02-20 16:20:49,133] [DEBUG] - FGSH_server: create_user started
[2021-02-20 16:20:49,136] [DEBUG] - FGSH_server: create_user finished
[2021-02-20 16:25:16,896] [INFO] - FGSH_server: FGSH_server started
[2021-02-20 16:25:23,018] [INFO] - FGSH_server: FGSH_server started
[2021-02-20 16:25:23,042] [INFO] - FGSH_server: FGSH_server stoped
[2021-02-20 16:25:36,858] [INFO] - FGSH_server: FGSH_server started
[2021-02-20 16:25:46,964] [INFO] - FGSH_server: FGSH_server started
[2021-02-20 16:26:16,128] [INFO] - FGSH_server: FGSH_server started
[2021-02-20 16:26:16,153] [INFO] - FGSH_server: FGSH_server stoped
[2021-02-20 16:26:21,146] [INFO] - FGSH_server: FGSH_server started
[2021-02-20 16:26:24,633] [INFO] - FGSH_server: FGSH_server started
[2021-02-20 16:27:02,393] [INFO] - FGSH_server: FGSH_server started
[2021-02-20 16:27:02,444] [INFO] - FGSH_server: FGSH_server stoped
[2021-02-20 16:27:08,633] [INFO] - FGSH_server: FGSH_server started
[2021-02-20 16:27:15,982] [INFO] - FGSH_server: FGSH_server started
[2021-02-20 16:27:33,794] [INFO] - FGSH_server: FGSH_server started
[2021-02-20 16:27:34,304] [INFO] - FGSH_server: FGSH_server started
[2021-02-20 16:27:45,078] [DEBUG] - FGSH_server: create_user started
[2021-02-20 16:27:45,286] [DEBUG] - FGSH_server: create_user finished
[2021-02-20 16:27:50,071] [DEBUG] - FGSH_server: create_user started
[2021-02-20 16:27:50,072] [DEBUG] - FGSH_server: create_user finished
[2021-02-20 16:28:19,649] [INFO] - FGSH_server: FGSH_server stoped
[2021-02-20 16:28:20,172] [INFO] - FGSH_server: FGSH_server started
[2021-02-20 16:29:05,043] [INFO] - FGSH_server: FGSH_server stoped
[2021-02-20 16:29:05,117] [INFO] - FGSH_server: FGSH_server stoped
[2021-02-20 16:29:59,262] [INFO] - FGSH_server: FGSH_server started
[2021-02-20 16:29:59,855] [INFO] - FGSH_server: FGSH_server started
[2021-02-20 16:32:17,882] [INFO] - FGSH_server: FGSH_server stoped
[2021-02-20 16:32:17,974] [INFO] - FGSH_server: FGSH_server stoped
[2021-02-20 16:44:56,497] [INFO] - FGSH_server: FGSH_server started
[2021-02-20 16:44:57,099] [INFO] - FGSH_server: FGSH_server started
[2021-02-20 16:45:00,978] [DEBUG] - FGSH_server: login_user started
[2021-02-20 16:45:01,078] [WARNING] - FGSH_server: Object of type User is not JSON serializable
[2021-02-20 16:45:01,079] [DEBUG] - FGSH_server: login_user finished
[2021-02-20 16:45:20,895] [INFO] - FGSH_server: FGSH_server stoped
[2021-02-20 16:45:21,542] [INFO] - FGSH_server: FGSH_server started
[2021-02-20 16:45:23,804] [DEBUG] - FGSH_server: login_user started
[2021-02-20 16:45:23,904] [WARNING] - FGSH_server: name 'user' is not defined
[2021-02-20 16:45:23,905] [DEBUG] - FGSH_server: login_user finished
[2021-02-20 16:45:57,349] [INFO] - FGSH_server: FGSH_server stoped
[2021-02-20 16:45:57,972] [INFO] - FGSH_server: FGSH_server started
[2021-02-20 16:46:00,448] [DEBUG] - FGSH_server: login_user started
[2021-02-20 16:46:00,550] [DEBUG] - FGSH_server: login_user finished
[2021-02-20 16:48:23,795] [INFO] - FGSH_server: FGSH_server stoped
[2021-02-20 16:48:24,489] [INFO] - FGSH_server: FGSH_server started
[2021-02-20 16:48:52,771] [INFO] - FGSH_server: FGSH_server stoped
[2021-02-20 16:48:53,465] [INFO] - FGSH_server: FGSH_server stoped
[2021-02-20 16:50:33,944] [INFO] - FGSH_server: FGSH_server started
[2021-02-20 16:50:34,539] [INFO] - FGSH_server: FGSH_server started
[2021-02-20 16:50:53,698] [DEBUG] - FGSH_server: test_jwt started
[2021-02-20 16:50:53,698] [WARNING] - FGSH_server: name 'get_jwt_identity' is not defined
[2021-02-20 16:50:53,698] [DEBUG] - FGSH_server: test_jwt finished
[2021-02-20 16:51:05,168] [INFO] - FGSH_server: FGSH_server stoped
[2021-02-20 16:51:05,819] [INFO] - FGSH_server: FGSH_server started
[2021-02-20 16:51:08,022] [DEBUG] - FGSH_server: test_jwt started
[2021-02-20 16:51:08,022] [WARNING] - FGSH_server: 'str' object has no attribute 'login'
[2021-02-20 16:51:08,022] [DEBUG] - FGSH_server: test_jwt finished
[2021-02-20 16:51:18,934] [INFO] - FGSH_server: FGSH_server stoped
[2021-02-20 16:51:19,648] [INFO] - FGSH_server: FGSH_server started
[2021-02-20 16:51:21,285] [DEBUG] - FGSH_server: test_jwt started
[2021-02-20 16:51:21,285] [DEBUG] - FGSH_server: test_jwt finished
[2021-02-20 16:51:42,898] [DEBUG] - FGSH_server: test_jwt started
[2021-02-20 16:51:42,898] [DEBUG] - FGSH_server: test_jwt finished
[2021-02-20 16:51:52,320] [DEBUG] - FGSH_server: test_jwt started
[2021-02-20 16:51:52,320] [DEBUG] - FGSH_server: test_jwt finished
[2021-02-20 17:15:27,176] [INFO] - FGSH_server: FGSH_server started
[2021-02-20 17:15:27,201] [INFO] - FGSH_server: FGSH_server stoped
[2021-02-20 17:15:36,565] [INFO] - FGSH_server: FGSH_server started
[2021-02-20 17:15:46,624] [INFO] - FGSH_server: FGSH_server started
[2021-02-22 14:30:11,576] [INFO] - FGSH_server: FGSH_server started
[2021-02-22 14:30:11,618] [INFO] - FGSH_server: FGSH_server stoped
[2021-02-22 14:30:34,955] [INFO] - FGSH_server: FGSH_server started
[2021-02-22 14:30:34,982] [INFO] - FGSH_server: FGSH_server stoped
[2021-02-22 14:30:53,039] [INFO] - FGSH_server: FGSH_server started
[2021-02-22 14:30:53,064] [INFO] - FGSH_server: FGSH_server stoped
[2021-02-22 14:30:56,821] [INFO] - FGSH_server: FGSH_server started
[2021-02-22 14:31:01,751] [INFO] - FGSH_server: FGSH_server started
[2021-02-22 14:34:34,090] [INFO] - FGSH_server: FGSH_server started
[2021-02-22 14:34:34,119] [INFO] - FGSH_server: FGSH_server stoped
[2021-02-22 14:34:37,368] [INFO] - FGSH_server: FGSH_server started
[2021-02-22 14:34:42,810] [INFO] - FGSH_server: FGSH_server started
[2021-02-22 14:35:28,305] [INFO] - FGSH_server: FGSH_server started
[2021-02-22 14:35:28,955] [INFO] - FGSH_server: FGSH_server started
[2021-02-22 14:38:28,978] [INFO] - FGSH_server: FGSH_server stoped
[2021-02-22 14:38:29,655] [INFO] - FGSH_server: FGSH_server started
[2021-02-22 14:38:32,647] [DEBUG] - FGSH_server: create_role started
[2021-02-22 14:38:32,651] [WARNING] - FGSH_server: name 'existing_user' is not defined
[2021-02-22 14:38:32,651] [DEBUG] - FGSH_server: create_role finished
[2021-02-22 14:39:09,744] [INFO] - FGSH_server: FGSH_server stoped
[2021-02-22 14:39:10,405] [INFO] - FGSH_server: FGSH_server started
[2021-02-22 14:39:13,689] [DEBUG] - FGSH_server: create_role started
[2021-02-22 14:39:13,790] [DEBUG] - FGSH_server: create_role finished
[2021-02-22 14:39:23,121] [DEBUG] - FGSH_server: create_role started
[2021-02-22 14:39:23,122] [DEBUG] - FGSH_server: create_role finished
[2021-02-22 14:39:35,799] [DEBUG] - FGSH_server: get_all_roles started
[2021-02-22 14:39:35,801] [DEBUG] - FGSH_server: get_all_roles finished
[2021-02-22 14:39:55,451] [INFO] - FGSH_server: FGSH_server stoped
[2021-02-22 14:39:55,533] [INFO] - FGSH_server: FGSH_server stoped
[2021-02-22 14:59:10,300] [INFO] - FGSH_server: FGSH_server started
[2021-02-22 14:59:10,899] [INFO] - FGSH_server: FGSH_server started
[2021-02-22 14:59:16,844] [DEBUG] - FGSH_server: get_all_roles started
[2021-02-22 14:59:16,848] [DEBUG] - FGSH_server: get_all_roles finished
[2021-02-22 15:00:21,713] [INFO] - FGSH_server: FGSH_server stoped
[2021-02-22 15:00:22,384] [INFO] - FGSH_server: FGSH_server started
[2021-02-22 15:00:27,039] [DEBUG] - FGSH_server: get_all_roles started
[2021-02-22 15:00:27,042] [DEBUG] - FGSH_server: get_all_roles finished
[2021-02-22 15:01:25,662] [DEBUG] - FGSH_server: get_all_roles started
[2021-02-22 15:01:25,664] [DEBUG] - FGSH_server: get_all_roles finished
[2021-02-22 15:02:15,211] [INFO] - FGSH_server: FGSH_server stoped
[2021-02-22 15:02:15,897] [INFO] - FGSH_server: FGSH_server started
[2021-02-22 15:02:20,664] [DEBUG] - FGSH_server: get_all_roles started
[2021-02-22 15:02:20,667] [DEBUG] - FGSH_server: get_all_roles finished
[2021-02-22 15:03:23,203] [INFO] - FGSH_server: FGSH_server stoped
[2021-02-22 15:03:23,836] [INFO] - FGSH_server: FGSH_server started
[2021-02-22 15:03:26,764] [DEBUG] - FGSH_server: get_all_roles started
[2021-02-22 15:03:26,767] [DEBUG] - FGSH_server: get_all_roles finished
[2021-02-22 15:04:07,193] [INFO] - FGSH_server: FGSH_server stoped
[2021-02-22 15:04:07,843] [INFO] - FGSH_server: FGSH_server started
[2021-02-22 15:04:10,871] [DEBUG] - FGSH_server: get_all_roles started
[2021-02-22 15:04:10,874] [DEBUG] - FGSH_server: get_all_roles finished
[2021-02-22 15:04:22,392] [DEBUG] - FGSH_server: get_all_roles started
[2021-02-22 15:04:22,393] [DEBUG] - FGSH_server: get_all_roles finished
[2021-02-22 15:04:27,886] [INFO] - FGSH_server: FGSH_server stoped
[2021-02-22 15:04:27,966] [INFO] - FGSH_server: FGSH_server stoped
[2021-02-22 15:04:31,091] [INFO] - FGSH_server: FGSH_server started
[2021-02-22 15:04:31,694] [INFO] - FGSH_server: FGSH_server started
[2021-02-22 15:04:35,396] [DEBUG] - FGSH_server: get_all_roles started
[2021-02-22 15:04:35,399] [DEBUG] - FGSH_server: get_all_roles finished
[2021-02-22 15:04:59,255] [DEBUG] - FGSH_server: create_role started
[2021-02-22 15:04:59,365] [DEBUG] - FGSH_server: create_role finished
[2021-02-22 15:05:04,649] [DEBUG] - FGSH_server: get_all_roles started
[2021-02-22 15:05:04,650] [DEBUG] - FGSH_server: get_all_roles finished
[2021-02-22 15:08:10,657] [INFO] - FGSH_server: FGSH_server stoped
[2021-02-22 15:08:11,325] [INFO] - FGSH_server: FGSH_server started
[2021-02-22 15:08:13,456] [INFO] - FGSH_server: FGSH_server stoped
[2021-02-22 15:08:13,540] [INFO] - FGSH_server: FGSH_server stoped
[2021-02-22 15:15:14,708] [INFO] - FGSH_server: FGSH_server started
[2021-02-22 15:15:15,326] [INFO] - FGSH_server: FGSH_server started
[2021-02-22 15:15:20,259] [DEBUG] - FGSH_server: delete_role started
[2021-02-22 15:15:20,356] [DEBUG] - FGSH_server: delete_role finished
[2021-02-22 15:15:26,115] [DEBUG] - FGSH_server: create_role started
[2021-02-22 15:15:26,221] [DEBUG] - FGSH_server: create_role finished
[2021-02-22 15:18:13,165] [INFO] - FGSH_server: FGSH_server stoped
[2021-02-22 15:18:13,833] [INFO] - FGSH_server: FGSH_server started
[2021-02-22 15:18:38,703] [INFO] - FGSH_server: FGSH_server stoped
[2021-02-22 15:18:39,424] [INFO] - FGSH_server: FGSH_server started
[2021-02-22 15:18:44,950] [INFO] - FGSH_server: FGSH_server stoped
[2021-02-22 15:18:45,587] [INFO] - FGSH_server: FGSH_server started
[2021-02-22 15:18:46,775] [INFO] - FGSH_server: FGSH_server stoped
[2021-02-22 15:18:47,413] [INFO] - FGSH_server: FGSH_server started
[2021-02-22 15:19:04,336] [DEBUG] - FGSH_server: delete_role started
[2021-02-22 15:19:04,420] [DEBUG] - FGSH_server: delete_role finished
[2021-02-22 15:19:18,715] [DEBUG] - FGSH_server: create_role started
[2021-02-22 15:19:18,722] [WARNING] - FGSH_server: to_lower() takes 0 positional arguments but 1 was given
[2021-02-22 15:19:18,722] [DEBUG] - FGSH_server: create_role finished
[2021-02-22 15:19:37,433] [INFO] - FGSH_server: FGSH_server stoped
[2021-02-22 15:19:38,136] [INFO] - FGSH_server: FGSH_server started
[2021-02-22 15:19:40,200] [DEBUG] - FGSH_server: create_role started
[2021-02-22 15:19:40,295] [DEBUG] - FGSH_server: create_role finished
[2021-02-22 15:19:45,209] [DEBUG] - FGSH_server: get_all_roles started
[2021-02-22 15:19:45,211] [DEBUG] - FGSH_server: get_all_roles finished
[2021-02-22 15:29:07,778] [INFO] - FGSH_server: FGSH_server stoped
[2021-02-22 15:29:08,450] [INFO] - FGSH_server: FGSH_server started
[2021-02-22 15:30:17,511] [INFO] - FGSH_server: FGSH_server stoped
[2021-02-22 15:30:18,181] [INFO] - FGSH_server: FGSH_server started
[2021-02-22 15:30:25,084] [DEBUG] - FGSH_server: delete_role started
[2021-02-22 15:30:25,095] [WARNING] - FGSH_server: 404 Not Found: The requested URL was not found on the server. If you entered the URL manually please check your spelling and try again.
[2021-02-22 15:30:25,095] [DEBUG] - FGSH_server: delete_role finished
[2021-02-22 15:30:42,053] [DEBUG] - FGSH_server: delete_role started
[2021-02-22 15:30:42,054] [WARNING] - FGSH_server: 404 Not Found: The requested URL was not found on the server. If you entered the URL manually please check your spelling and try again.
[2021-02-22 15:30:42,054] [DEBUG] - FGSH_server: delete_role finished
[2021-02-22 15:33:27,194] [INFO] - FGSH_server: FGSH_server stoped
[2021-02-22 15:33:27,889] [INFO] - FGSH_server: FGSH_server started
[2021-02-22 15:33:53,032] [DEBUG] - FGSH_server: delete_role started
[2021-02-22 15:33:53,033] [WARNING] - FGSH_server: 404 Not Found: The requested URL was not found on the server. If you entered the URL manually please check your spelling and try again.
[2021-02-22 15:33:53,034] [DEBUG] - FGSH_server: delete_role finished
[2021-02-22 15:35:55,594] [INFO] - FGSH_server: FGSH_server stoped
[2021-02-22 15:35:56,219] [INFO] - FGSH_server: FGSH_server started
[2021-02-22 15:36:03,857] [INFO] - FGSH_server: FGSH_server stoped
[2021-02-22 15:36:04,485] [INFO] - FGSH_server: FGSH_server started
[2021-02-22 15:36:07,435] [DEBUG] - FGSH_server: update_role started
[2021-02-22 15:36:07,438] [WARNING] - FGSH_server: 404 Not Found: The requested URL was not found on the server. If you entered the URL manually please check your spelling and try again.
[2021-02-22 15:36:07,438] [DEBUG] - FGSH_server: update_role finished
[2021-02-22 15:38:35,460] [INFO] - FGSH_server: FGSH_server stoped
[2021-02-22 15:38:36,150] [INFO] - FGSH_server: FGSH_server stoped
[2021-02-22 15:40:22,021] [INFO] - FGSH_server: FGSH_server started
[2021-02-22 15:40:22,625] [INFO] - FGSH_server: FGSH_server started
[2021-02-22 15:40:25,669] [DEBUG] - FGSH_server: update_role started
[2021-02-22 15:40:25,673] [WARNING] - FGSH_server: 404 Not Found: The requested URL was not found on the server. If you entered the URL manually please check your spelling and try again.
[2021-02-22 15:40:25,673] [DEBUG] - FGSH_server: update_role finished
[2021-02-22 15:40:31,182] [DEBUG] - FGSH_server: update_role started
[2021-02-22 15:40:31,183] [WARNING] - FGSH_server: 'Role' object has no attribute 'update'
[2021-02-22 15:40:31,183] [DEBUG] - FGSH_server: update_role finished
[2021-02-22 15:40:49,789] [INFO] - FGSH_server: FGSH_server stoped
[2021-02-22 15:40:50,512] [INFO] - FGSH_server: FGSH_server started
[2021-02-22 15:40:53,006] [DEBUG] - FGSH_server: update_role started
[2021-02-22 15:40:53,010] [WARNING] - FGSH_server: 'Role' object has no attribute 'update'
[2021-02-22 15:40:53,010] [DEBUG] - FGSH_server: update_role finished
[2021-02-22 15:43:21,778] [INFO] - FGSH_server: FGSH_server stoped
[2021-02-22 15:43:22,517] [INFO] - FGSH_server: FGSH_server stoped
[2021-02-22 15:45:14,532] [INFO] - FGSH_server: FGSH_server started
[2021-02-22 15:45:15,149] [INFO] - FGSH_server: FGSH_server started
[2021-02-22 15:45:20,121] [DEBUG] - FGSH_server: update_role started
[2021-02-22 15:45:20,123] [WARNING] - FGSH_server: unsupported operand type(s) for ** or pow(): 'method' and 'dict'
[2021-02-22 15:45:20,123] [DEBUG] - FGSH_server: update_role finished
[2021-02-22 15:45:32,486] [INFO] - FGSH_server: FGSH_server stoped
[2021-02-22 15:45:33,157] [INFO] - FGSH_server: FGSH_server started
[2021-02-22 15:45:37,144] [DEBUG] - FGSH_server: update_role started
[2021-02-22 15:45:37,146] [WARNING] - FGSH_server: update() got an unexpected keyword argument 'role'
[2021-02-22 15:45:37,146] [DEBUG] - FGSH_server: update_role finished
[2021-02-22 15:47:26,826] [DEBUG] - FGSH_server: update_role started
[2021-02-22 15:47:26,826] [WARNING] - FGSH_server: update() got an unexpected keyword argument 'role'
[2021-02-22 15:47:26,826] [DEBUG] - FGSH_server: update_role finished
[2021-02-22 15:49:27,160] [DEBUG] - FGSH_server: get_role started
[2021-02-22 15:49:27,162] [DEBUG] - FGSH_server: get_role finished
[2021-02-22 15:57:40,540] [INFO] - FGSH_server: FGSH_server stoped
[2021-02-22 15:57:41,231] [INFO] - FGSH_server: FGSH_server started
[2021-02-22 15:57:57,448] [DEBUG] - FGSH_server: get_role started
[2021-02-22 15:57:57,451] [DEBUG] - FGSH_server: get_role finished
[2021-02-22 15:58:01,250] [DEBUG] - FGSH_server: update_role started
[2021-02-22 15:58:01,251] [WARNING] - FGSH_server: name 'datetime' is not defined
[2021-02-22 15:58:01,251] [DEBUG] - FGSH_server: update_role finished
[2021-02-22 15:58:27,838] [INFO] - FGSH_server: FGSH_server stoped
[2021-02-22 15:58:28,559] [INFO] - FGSH_server: FGSH_server started
[2021-02-22 15:58:32,048] [DEBUG] - FGSH_server: update_role started
[2021-02-22 15:58:32,052] [WARNING] - FGSH_server: (builtins.TypeError) SQLite DateTime type only accepts Python datetime and date objects as input.
[SQL: UPDATE "Roles" SET role=?, created=? WHERE "Roles".id = ?]
[parameters: [{'role': 'users', 'created': <built-in method now of type object at 0x00007FFA77514650>, 'Roles_id': 2}]]
[2021-02-22 15:58:32,052] [DEBUG] - FGSH_server: update_role finished
[2021-02-22 15:58:55,702] [INFO] - FGSH_server: FGSH_server stoped
[2021-02-22 15:58:56,371] [INFO] - FGSH_server: FGSH_server started
[2021-02-22 15:59:00,524] [DEBUG] - FGSH_server: update_role started
[2021-02-22 15:59:00,648] [DEBUG] - FGSH_server: update_role finished
[2021-02-22 15:59:25,775] [INFO] - FGSH_server: FGSH_server stoped
[2021-02-22 15:59:26,419] [INFO] - FGSH_server: FGSH_server started
[2021-02-22 15:59:31,854] [DEBUG] - FGSH_server: get_role started
[2021-02-22 15:59:31,858] [DEBUG] - FGSH_server: get_role finished
[2021-02-22 15:59:37,886] [DEBUG] - FGSH_server: update_role started
[2021-02-22 15:59:37,962] [DEBUG] - FGSH_server: update_role finished
[2021-02-22 15:59:40,231] [DEBUG] - FGSH_server: get_role started
[2021-02-22 15:59:40,232] [DEBUG] - FGSH_server: get_role finished
[2021-02-22 15:59:42,461] [DEBUG] - FGSH_server: get_all_roles started
[2021-02-22 15:59:42,462] [DEBUG] - FGSH_server: get_all_roles finished
[2021-02-22 15:59:57,974] [DEBUG] - FGSH_server: create_role started
[2021-02-22 15:59:58,060] [DEBUG] - FGSH_server: create_role finished
[2021-02-22 16:00:01,472] [DEBUG] - FGSH_server: get_all_roles started
[2021-02-22 16:00:01,474] [DEBUG] - FGSH_server: get_all_roles finished
[2021-02-22 16:00:05,763] [DEBUG] - FGSH_server: delete_role started
[2021-02-22 16:00:05,872] [DEBUG] - FGSH_server: delete_role finished
[2021-02-22 16:00:45,620] [INFO] - FGSH_server: FGSH_server stoped
[2021-02-22 16:00:46,336] [INFO] - FGSH_server: FGSH_server stoped
[2021-02-22 16:33:09,069] [INFO] - FGSH_server: FGSH_server started
[2021-02-22 16:33:09,145] [INFO] - FGSH_server: FGSH_server stoped
[2021-02-22 16:33:17,753] [INFO] - FGSH_server: FGSH_server started
[2021-02-22 16:33:21,913] [INFO] - FGSH_server: FGSH_server started
[2021-02-22 16:33:27,441] [INFO] - FGSH_server: FGSH_server started
[2021-02-22 16:33:28,029] [INFO] - FGSH_server: FGSH_server started
[2021-02-22 16:33:41,296] [DEBUG] - FGSH_server: create_role started
[2021-02-22 16:33:41,298] [WARNING] - FGSH_server: Error creating backref 'role' on relationship 'Role.user': property of that name exists on mapper 'mapped class User->user'
[2021-02-22 16:33:41,298] [DEBUG] - FGSH_server: create_role finished
[2021-02-22 16:35:01,273] [INFO] - FGSH_server: FGSH_server stoped
[2021-02-22 16:35:01,927] [INFO] - FGSH_server: FGSH_server started
[2021-02-22 16:35:09,551] [INFO] - FGSH_server: FGSH_server stoped
[2021-02-22 16:35:10,256] [INFO] - FGSH_server: FGSH_server started
[2021-02-22 16:35:10,968] [INFO] - FGSH_server: FGSH_server stoped
[2021-02-22 16:35:11,054] [INFO] - FGSH_server: FGSH_server stoped
[2021-02-22 16:35:44,587] [INFO] - FGSH_server: FGSH_server started
[2021-02-22 16:35:44,640] [INFO] - FGSH_server: FGSH_server stoped
[2021-02-22 16:35:50,732] [INFO] - FGSH_server: FGSH_server started
[2021-02-22 16:35:55,485] [INFO] - FGSH_server: FGSH_server started
[2021-02-22 16:35:59,379] [INFO] - FGSH_server: FGSH_server started
[2021-02-22 16:35:59,979] [INFO] - FGSH_server: FGSH_server started
[2021-02-22 16:36:20,712] [INFO] - FGSH_server: FGSH_server stoped
[2021-02-22 16:36:20,767] [INFO] - FGSH_server: FGSH_server stoped
[2021-02-22 16:36:35,993] [INFO] - FGSH_server: FGSH_server started
[2021-02-22 16:36:36,039] [INFO] - FGSH_server: FGSH_server stoped
[2021-02-22 16:36:40,089] [INFO] - FGSH_server: FGSH_server started
[2021-02-22 16:36:44,573] [INFO] - FGSH_server: FGSH_server started
[2021-02-22 16:36:48,952] [INFO] - FGSH_server: FGSH_server started
[2021-02-22 16:36:49,556] [INFO] - FGSH_server: FGSH_server started
[2021-02-22 16:37:01,209] [DEBUG] - FGSH_server: create_role started
[2021-02-22 16:37:01,211] [WARNING] - FGSH_server: Error creating backref 'role' on relationship 'Role.users': property of that name exists on mapper 'mapped class User->user'
[2021-02-22 16:37:01,211] [DEBUG] - FGSH_server: create_role finished
[2021-02-22 16:46:08,847] [INFO] - FGSH_server: FGSH_server stoped
[2021-02-22 16:46:09,531] [INFO] - FGSH_server: FGSH_server started
[2021-02-22 16:46:12,802] [DEBUG] - FGSH_server: create_role started
[2021-02-22 16:46:12,905] [DEBUG] - FGSH_server: create_role finished
[2021-02-22 16:46:26,451] [DEBUG] - FGSH_server: create_role started
[2021-02-22 16:46:26,571] [DEBUG] - FGSH_server: create_role finished
[2021-02-22 16:46:30,438] [DEBUG] - FGSH_server: create_role started
[2021-02-22 16:46:30,520] [DEBUG] - FGSH_server: create_role finished
[2021-02-22 16:49:14,744] [DEBUG] - FGSH_server: get_all_roles started
[2021-02-22 16:49:14,746] [DEBUG] - FGSH_server: get_all_roles finished
[2021-02-22 16:49:55,966] [INFO] - FGSH_server: FGSH_server stoped
[2021-02-22 16:49:56,643] [INFO] - FGSH_server: FGSH_server started
[2021-02-22 16:51:20,650] [DEBUG] - FGSH_server: create_user started
[2021-02-22 16:51:20,655] [WARNING] - FGSH_server: (sqlite3.OperationalError) no such column: user.role_id
[SQL: SELECT user.id AS user_id, user.login AS user_login, user.password AS user_password, user.created AS user_created, user.role_id AS user_role_id 
FROM user 
WHERE user.login = ?
 LIMIT ? OFFSET ?]
[parameters: ('admin', 1, 0)]
(Background on this error at: http://sqlalche.me/e/13/e3q8)
[2021-02-22 16:51:20,655] [DEBUG] - FGSH_server: create_user finished
[2021-02-22 16:51:40,424] [INFO] - FGSH_server: FGSH_server stoped
[2021-02-22 16:51:41,153] [INFO] - FGSH_server: FGSH_server started
[2021-02-22 16:51:43,170] [DEBUG] - FGSH_server: create_user started
[2021-02-22 16:51:43,176] [WARNING] - FGSH_server: (sqlite3.OperationalError) no such column: user.role_id
[SQL: SELECT user.id AS user_id, user.login AS user_login, user.password AS user_password, user.created AS user_created, user.role_id AS user_role_id 
FROM user 
WHERE user.login = ?
 LIMIT ? OFFSET ?]
[parameters: ('admin', 1, 0)]
(Background on this error at: http://sqlalche.me/e/13/e3q8)
[2021-02-22 16:51:43,176] [DEBUG] - FGSH_server: create_user finished
[2021-02-22 16:52:11,645] [INFO] - FGSH_server: FGSH_server stoped
[2021-02-22 16:52:12,370] [INFO] - FGSH_server: FGSH_server stoped
[2021-02-22 16:52:28,775] [INFO] - FGSH_server: FGSH_server started
[2021-02-22 16:52:29,389] [INFO] - FGSH_server: FGSH_server started
[2021-02-22 16:52:32,811] [DEBUG] - FGSH_server: create_user started
[2021-02-22 16:52:32,825] [WARNING] - FGSH_server: (sqlite3.OperationalError) no such column: user.role_id
[SQL: SELECT user.id AS user_id, user.login AS user_login, user.password AS user_password, user.created AS user_created, user.role_id AS user_role_id 
FROM user 
WHERE user.login = ?
 LIMIT ? OFFSET ?]
[parameters: ('admin', 1, 0)]
(Background on this error at: http://sqlalche.me/e/13/e3q8)
[2021-02-22 16:52:32,825] [DEBUG] - FGSH_server: create_user finished
[2021-02-22 16:53:13,089] [INFO] - FGSH_server: FGSH_server stoped
[2021-02-22 16:53:13,170] [INFO] - FGSH_server: FGSH_server stoped
[2021-02-22 16:53:16,540] [INFO] - FGSH_server: FGSH_server started
[2021-02-22 16:53:16,589] [INFO] - FGSH_server: FGSH_server stoped
[2021-02-22 16:53:20,980] [INFO] - FGSH_server: FGSH_server started
[2021-02-22 16:53:25,230] [INFO] - FGSH_server: FGSH_server started
[2021-02-22 16:53:34,682] [INFO] - FGSH_server: FGSH_server started
[2021-02-22 16:53:35,316] [INFO] - FGSH_server: FGSH_server started
[2021-02-22 16:53:43,636] [DEBUG] - FGSH_server: create_role started
[2021-02-22 16:53:43,736] [DEBUG] - FGSH_server: create_role finished
[2021-02-22 16:53:53,952] [DEBUG] - FGSH_server: create_role started
[2021-02-22 16:53:54,092] [DEBUG] - FGSH_server: create_role finished
[2021-02-22 16:54:13,507] [DEBUG] - FGSH_server: create_user started
[2021-02-22 16:54:13,744] [DEBUG] - FGSH_server: create_user finished
[2021-02-22 16:55:20,292] [DEBUG] - FGSH_server: create_user started
[2021-02-22 16:55:20,480] [DEBUG] - FGSH_server: create_user finished
[2021-02-22 16:56:33,621] [INFO] - FGSH_server: FGSH_server stoped
[2021-02-22 16:56:33,686] [INFO] - FGSH_server: FGSH_server stoped
[2021-02-22 17:00:23,434] [INFO] - FGSH_server: FGSH_server started
[2021-02-22 17:00:24,038] [INFO] - FGSH_server: FGSH_server started
[2021-02-22 17:01:14,886] [INFO] - FGSH_server: FGSH_server stoped
[2021-02-22 17:01:15,566] [INFO] - FGSH_server: FGSH_server started
[2021-02-22 17:01:17,803] [DEBUG] - FGSH_server: get_all_users started
[2021-02-22 17:01:17,808] [DEBUG] - FGSH_server: get_all_users finished
[2021-02-22 17:01:33,985] [INFO] - FGSH_server: FGSH_server stoped
[2021-02-22 17:01:34,675] [INFO] - FGSH_server: FGSH_server started
[2021-02-22 17:01:37,208] [DEBUG] - FGSH_server: get_all_users started
[2021-02-22 17:01:37,213] [DEBUG] - FGSH_server: get_all_users finished
[2021-02-22 17:02:24,645] [INFO] - FGSH_server: FGSH_server stoped
[2021-02-22 17:02:25,360] [INFO] - FGSH_server: FGSH_server started
[2021-02-22 17:02:37,308] [INFO] - FGSH_server: FGSH_server stoped
[2021-02-22 17:02:37,949] [INFO] - FGSH_server: FGSH_server started
[2021-02-22 17:02:40,146] [INFO] - FGSH_server: FGSH_server stoped
[2021-02-22 17:02:40,813] [INFO] - FGSH_server: FGSH_server started
[2021-02-22 17:02:46,322] [INFO] - FGSH_server: FGSH_server stoped
[2021-02-22 17:02:46,955] [INFO] - FGSH_server: FGSH_server started
[2021-02-22 17:03:25,893] [INFO] - FGSH_server: FGSH_server stoped
[2021-02-22 17:03:26,538] [INFO] - FGSH_server: FGSH_server started
[2021-02-22 17:03:37,414] [INFO] - FGSH_server: FGSH_server stoped
[2021-02-22 17:03:38,066] [INFO] - FGSH_server: FGSH_server started
[2021-02-22 17:04:09,550] [INFO] - FGSH_server: FGSH_server stoped
[2021-02-22 17:04:10,204] [INFO] - FGSH_server: FGSH_server started
[2021-02-22 17:05:26,136] [INFO] - FGSH_server: FGSH_server stoped
[2021-02-22 17:05:26,836] [INFO] - FGSH_server: FGSH_server started
[2021-02-22 17:05:27,773] [INFO] - FGSH_server: FGSH_server stoped
[2021-02-22 17:05:27,849] [INFO] - FGSH_server: FGSH_server stoped
[2021-02-24 10:23:37,642] [INFO] - FGSH_server: FGSH_server started
[2021-02-24 10:23:38,251] [INFO] - FGSH_server: FGSH_server started
[2021-02-24 10:24:07,476] [DEBUG] - FGSH_server: get_user started
[2021-02-24 10:24:07,477] [WARNING] - FGSH_server: name 'Role' is not defined
[2021-02-24 10:24:07,477] [DEBUG] - FGSH_server: get_user finished
[2021-02-24 10:24:19,569] [INFO] - FGSH_server: FGSH_server stoped
[2021-02-24 10:24:20,302] [INFO] - FGSH_server: FGSH_server started
[2021-02-24 10:24:22,390] [DEBUG] - FGSH_server: get_user started
[2021-02-24 10:24:22,412] [DEBUG] - FGSH_server: get_user finished
[2021-02-24 10:24:32,626] [DEBUG] - FGSH_server: get_all_users started
[2021-02-24 10:24:32,627] [DEBUG] - FGSH_server: get_all_users finished
[2021-02-24 10:25:06,871] [DEBUG] - FGSH_server: delete_user started
[2021-02-24 10:25:07,024] [DEBUG] - FGSH_server: delete_user finished
[2021-02-24 10:25:12,707] [DEBUG] - FGSH_server: get_all_users started
[2021-02-24 10:25:12,713] [DEBUG] - FGSH_server: get_all_users finished
[2021-02-24 10:26:12,085] [INFO] - FGSH_server: FGSH_server stoped
[2021-02-24 10:26:12,716] [INFO] - FGSH_server: FGSH_server started
[2021-02-24 10:27:16,327] [DEBUG] - FGSH_server: create_user started
[2021-02-24 10:27:16,559] [DEBUG] - FGSH_server: create_user finished
[2021-02-24 10:28:21,746] [DEBUG] - FGSH_server: update_user started
[2021-02-24 10:28:21,747] [WARNING] - FGSH_server: 'str' object has no attribute '_sa_instance_state'
[2021-02-24 10:28:21,748] [DEBUG] - FGSH_server: update_user finished
[2021-02-24 10:28:37,879] [INFO] - FGSH_server: FGSH_server stoped
[2021-02-24 10:28:38,598] [INFO] - FGSH_server: FGSH_server started
[2021-02-24 10:28:40,409] [DEBUG] - FGSH_server: update_user started
[2021-02-24 10:28:40,413] [WARNING] - FGSH_server: 'password'
[2021-02-24 10:28:40,413] [DEBUG] - FGSH_server: update_user finished
[2021-02-24 10:30:05,329] [INFO] - FGSH_server: FGSH_server stoped
[2021-02-24 10:30:06,028] [INFO] - FGSH_server: FGSH_server started
[2021-02-24 10:30:12,739] [INFO] - FGSH_server: FGSH_server stoped
[2021-02-24 10:30:13,464] [INFO] - FGSH_server: FGSH_server started
[2021-02-24 10:30:15,280] [DEBUG] - FGSH_server: update_user started
[2021-02-24 10:30:15,286] [WARNING] - FGSH_server: name 'datetime' is not defined
[2021-02-24 10:30:15,286] [DEBUG] - FGSH_server: update_user finished
[2021-02-24 10:30:29,806] [INFO] - FGSH_server: FGSH_server stoped
[2021-02-24 10:30:30,492] [INFO] - FGSH_server: FGSH_server started
[2021-02-24 10:30:33,921] [DEBUG] - FGSH_server: update_user started
[2021-02-24 10:30:34,074] [DEBUG] - FGSH_server: update_user finished
[2021-02-24 10:30:42,407] [DEBUG] - FGSH_server: get_user started
[2021-02-24 10:30:42,409] [DEBUG] - FGSH_server: get_user finished
[2021-02-24 10:31:22,659] [INFO] - FGSH_server: FGSH_server stoped
[2021-02-24 10:31:23,351] [INFO] - FGSH_server: FGSH_server stoped
[2021-02-24 10:31:39,064] [INFO] - FGSH_server: FGSH_server started
[2021-02-24 10:31:39,655] [INFO] - FGSH_server: FGSH_server started
[2021-02-24 10:31:45,414] [DEBUG] - FGSH_server: update_user started
[2021-02-24 10:31:45,428] [WARNING] - FGSH_server: 'dict' object has no attribute 'created'
[2021-02-24 10:31:45,429] [DEBUG] - FGSH_server: update_user finished
[2021-02-24 10:39:24,032] [INFO] - FGSH_server: FGSH_server stoped
[2021-02-24 10:39:24,716] [INFO] - FGSH_server: FGSH_server started
[2021-02-24 10:39:30,394] [DEBUG] - FGSH_server: update_user started
[2021-02-24 10:39:30,396] [WARNING] - FGSH_server: update() got an unexpected keyword argument 'login'
[2021-02-24 10:39:30,396] [DEBUG] - FGSH_server: update_user finished
[2021-02-24 10:40:01,948] [INFO] - FGSH_server: FGSH_server stoped
[2021-02-24 10:40:02,651] [INFO] - FGSH_server: FGSH_server started
[2021-02-24 10:40:09,680] [DEBUG] - FGSH_server: update_user started
[2021-02-24 10:40:09,685] [WARNING] - FGSH_server: 'int' object has no attribute 'created'
[2021-02-24 10:40:09,685] [DEBUG] - FGSH_server: update_user finished
[2021-02-24 10:41:05,797] [DEBUG] - FGSH_server: update_user started
[2021-02-24 10:41:05,799] [WARNING] - FGSH_server: 'int' object has no attribute 'created'
[2021-02-24 10:41:05,799] [DEBUG] - FGSH_server: update_user finished
[2021-02-24 10:41:13,523] [INFO] - FGSH_server: FGSH_server stoped
[2021-02-24 10:41:14,213] [INFO] - FGSH_server: FGSH_server started
[2021-02-24 10:41:17,615] [DEBUG] - FGSH_server: update_user started
[2021-02-24 10:41:17,694] [WARNING] - FGSH_server: 'int' object has no attribute 'login'
[2021-02-24 10:41:17,695] [DEBUG] - FGSH_server: update_user finished
[2021-02-24 10:41:36,044] [INFO] - FGSH_server: FGSH_server stoped
[2021-02-24 10:41:36,729] [INFO] - FGSH_server: FGSH_server started
[2021-02-24 10:41:39,085] [DEBUG] - FGSH_server: update_user started
[2021-02-24 10:41:39,088] [WARNING] - FGSH_server: update() got an unexpected keyword argument 'login'
[2021-02-24 10:41:39,088] [DEBUG] - FGSH_server: update_user finished
[2021-02-24 10:42:43,061] [INFO] - FGSH_server: FGSH_server stoped
[2021-02-24 10:42:43,754] [INFO] - FGSH_server: FGSH_server started
[2021-02-24 10:42:48,309] [DEBUG] - FGSH_server: update_user started
[2021-02-24 10:42:48,310] [WARNING] - FGSH_server: 'login' is an invalid keyword argument for print()
[2021-02-24 10:42:48,310] [DEBUG] - FGSH_server: update_user finished
[2021-02-24 10:43:11,731] [DEBUG] - FGSH_server: update_user started
[2021-02-24 10:43:11,732] [WARNING] - FGSH_server: 'login' is an invalid keyword argument for print()
[2021-02-24 10:43:11,732] [DEBUG] - FGSH_server: update_user finished
[2021-02-24 10:44:21,200] [INFO] - FGSH_server: FGSH_server stoped
[2021-02-24 10:44:21,889] [INFO] - FGSH_server: FGSH_server started
[2021-02-24 10:44:25,152] [DEBUG] - FGSH_server: update_user started
[2021-02-24 10:44:25,157] [WARNING] - FGSH_server: 'User' object has no attribute 'data'
[2021-02-24 10:44:25,157] [DEBUG] - FGSH_server: update_user finished
[2021-02-24 10:44:55,506] [INFO] - FGSH_server: FGSH_server stoped
[2021-02-24 10:44:56,159] [INFO] - FGSH_server: FGSH_server started
[2021-02-24 10:53:42,861] [INFO] - FGSH_server: FGSH_server stoped
[2021-02-24 10:53:43,560] [INFO] - FGSH_server: FGSH_server stoped
[2021-02-24 10:56:55,881] [INFO] - FGSH_server: FGSH_server started
[2021-02-24 10:56:56,471] [INFO] - FGSH_server: FGSH_server started
[2021-02-24 10:57:02,463] [DEBUG] - FGSH_server: update_user started
[2021-02-24 10:57:02,465] [WARNING] - FGSH_server: 'login' is an invalid keyword argument for print()
[2021-02-24 10:57:02,465] [DEBUG] - FGSH_server: update_user finished
[2021-02-24 10:57:14,047] [INFO] - FGSH_server: FGSH_server stoped
[2021-02-24 10:57:14,773] [INFO] - FGSH_server: FGSH_server started
[2021-02-24 10:57:19,677] [DEBUG] - FGSH_server: update_user started
[2021-02-24 10:57:19,753] [WARNING] - FGSH_server: 'int' object has no attribute 'login'
[2021-02-24 10:57:19,754] [DEBUG] - FGSH_server: update_user finished
[2021-02-24 10:57:59,608] [INFO] - FGSH_server: FGSH_server stoped
[2021-02-24 10:58:00,362] [INFO] - FGSH_server: FGSH_server started
[2021-02-24 10:58:37,524] [INFO] - FGSH_server: FGSH_server stoped
[2021-02-24 10:58:38,189] [INFO] - FGSH_server: FGSH_server started
[2021-02-24 10:58:40,678] [DEBUG] - FGSH_server: update_user started
[2021-02-24 10:58:40,752] [DEBUG] - FGSH_server: update_user finished
[2021-02-24 10:58:45,515] [DEBUG] - FGSH_server: get_all_users started
[2021-02-24 10:58:45,521] [DEBUG] - FGSH_server: get_all_users finished
[2021-02-24 10:59:11,887] [DEBUG] - FGSH_server: update_user started
[2021-02-24 10:59:11,888] [DEBUG] - FGSH_server: update_user finished
[2021-02-24 10:59:20,300] [DEBUG] - FGSH_server: get_all_users started
[2021-02-24 10:59:20,302] [DEBUG] - FGSH_server: get_all_users finished
[2021-02-24 11:00:29,058] [INFO] - FGSH_server: FGSH_server stoped
[2021-02-24 11:00:29,742] [INFO] - FGSH_server: FGSH_server started
[2021-02-24 11:00:48,978] [DEBUG] - FGSH_server: update_user started
[2021-02-24 11:00:48,982] [WARNING] - FGSH_server: 404 Not Found: The requested URL was not found on the server. If you entered the URL manually please check your spelling and try again.
[2021-02-24 11:00:48,983] [DEBUG] - FGSH_server: update_user finished
[2021-02-24 11:00:54,424] [DEBUG] - FGSH_server: update_user started
[2021-02-24 11:00:54,517] [DEBUG] - FGSH_server: update_user finished
[2021-02-24 11:02:36,565] [DEBUG] - FGSH_server: create_user started
[2021-02-24 11:02:36,771] [DEBUG] - FGSH_server: create_user finished
[2021-02-24 11:02:49,110] [DEBUG] - FGSH_server: get_all_users started
[2021-02-24 11:02:49,112] [DEBUG] - FGSH_server: get_all_users finished
[2021-02-24 11:03:02,657] [DEBUG] - FGSH_server: update_user started
[2021-02-24 11:03:02,744] [DEBUG] - FGSH_server: update_user finished
[2021-02-24 11:03:44,544] [INFO] - FGSH_server: FGSH_server stoped
[2021-02-24 11:03:45,274] [INFO] - FGSH_server: FGSH_server started
[2021-02-24 11:03:53,644] [DEBUG] - FGSH_server: update_user started
[2021-02-24 11:03:53,749] [DEBUG] - FGSH_server: update_user finished
[2021-02-24 11:05:29,365] [DEBUG] - FGSH_server: update_user started
[2021-02-24 11:05:29,560] [DEBUG] - FGSH_server: update_user finished
[2021-02-24 11:05:36,433] [DEBUG] - FGSH_server: get_all_users started
[2021-02-24 11:05:36,435] [DEBUG] - FGSH_server: get_all_users finished
[2021-02-24 11:05:49,049] [DEBUG] - FGSH_server: delete_user started
[2021-02-24 11:05:49,051] [WARNING] - FGSH_server: 404 Not Found: The requested URL was not found on the server. If you entered the URL manually please check your spelling and try again.
[2021-02-24 11:05:49,051] [DEBUG] - FGSH_server: delete_user finished
[2021-02-24 11:05:52,501] [DEBUG] - FGSH_server: delete_user started
[2021-02-24 11:05:52,611] [DEBUG] - FGSH_server: delete_user finished
[2021-02-24 11:06:18,355] [DEBUG] - FGSH_server: get_user started
[2021-02-24 11:06:18,362] [DEBUG] - FGSH_server: get_user finished
[2021-02-24 11:06:34,773] [DEBUG] - FGSH_server: update_user started
[2021-02-24 11:06:34,926] [DEBUG] - FGSH_server: update_user finished
[2021-02-24 11:06:39,073] [DEBUG] - FGSH_server: get_user started
[2021-02-24 11:06:39,075] [DEBUG] - FGSH_server: get_user finished
[2021-02-24 12:01:37,763] [INFO] - FGSH_server: FGSH_server stoped
[2021-02-24 12:01:37,845] [INFO] - FGSH_server: FGSH_server stoped
[2021-02-24 12:18:02,393] [INFO] - FGSH_server: FGSH_server started
[2021-02-24 12:18:02,416] [INFO] - FGSH_server: FGSH_server stoped
[2021-02-24 12:18:08,344] [INFO] - FGSH_server: FGSH_server started
[2021-02-24 12:18:18,390] [INFO] - FGSH_server: FGSH_server started
[2021-02-24 12:19:08,495] [INFO] - FGSH_server: FGSH_server started
[2021-02-24 12:19:09,119] [INFO] - FGSH_server: FGSH_server started
[2021-02-24 12:19:49,289] [INFO] - FGSH_server: FGSH_server stoped
[2021-02-24 12:19:49,374] [INFO] - FGSH_server: FGSH_server stoped
[2021-02-24 12:19:55,985] [INFO] - FGSH_server: FGSH_server started
[2021-02-24 12:21:19,962] [INFO] - FGSH_server: FGSH_server started
[2021-02-24 12:21:23,931] [INFO] - FGSH_server: FGSH_server started
[2021-02-24 12:21:23,956] [INFO] - FGSH_server: FGSH_server stoped
[2021-02-24 12:33:11,052] [INFO] - FGSH_server: FGSH_server started
[2021-02-24 12:33:15,513] [INFO] - FGSH_server: FGSH_server started
[2021-02-24 12:36:30,481] [INFO] - FGSH_server: FGSH_server started
[2021-02-24 12:36:31,189] [INFO] - FGSH_server: FGSH_server started
[2021-02-24 12:36:34,580] [DEBUG] - FGSH_server: get_all_task_type started
[2021-02-24 12:36:34,585] [DEBUG] - FGSH_server: get_all_task_type finished
[2021-02-24 12:39:36,656] [DEBUG] - FGSH_server: create_task_type started
[2021-02-24 12:39:36,794] [DEBUG] - FGSH_server: create_task_type finished
[2021-02-24 12:41:00,232] [DEBUG] - FGSH_server: get_all_task_type started
[2021-02-24 12:41:00,233] [DEBUG] - FGSH_server: get_all_task_type finished
[2021-02-24 12:41:44,336] [INFO] - FGSH_server: FGSH_server stoped
[2021-02-24 12:41:45,040] [INFO] - FGSH_server: FGSH_server started
[2021-02-24 12:41:46,573] [DEBUG] - FGSH_server: get_all_task_type started
[2021-02-24 12:41:46,577] [DEBUG] - FGSH_server: get_all_task_type finished
[2021-02-24 12:43:26,266] [DEBUG] - FGSH_server: create_task_type started
[2021-02-24 12:43:26,391] [DEBUG] - FGSH_server: create_task_type finished
[2021-02-24 12:44:01,984] [INFO] - FGSH_server: FGSH_server stoped
[2021-02-24 12:44:02,651] [INFO] - FGSH_server: FGSH_server started
[2021-02-24 12:44:14,684] [INFO] - FGSH_server: FGSH_server stoped
[2021-02-24 12:44:15,380] [INFO] - FGSH_server: FGSH_server started
[2021-02-24 12:44:26,310] [INFO] - FGSH_server: FGSH_server stoped
[2021-02-24 12:44:27,037] [INFO] - FGSH_server: FGSH_server started
[2021-02-24 12:44:57,642] [INFO] - FGSH_server: FGSH_server stoped
[2021-02-24 12:44:58,283] [INFO] - FGSH_server: FGSH_server started
[2021-02-24 12:46:02,821] [DEBUG] - FGSH_server: delete_task_type started
[2021-02-24 12:46:02,927] [WARNING] - FGSH_server: 'TaskType' object has no attribute 'login'
[2021-02-24 12:46:02,927] [DEBUG] - FGSH_server: delete_task_type finished
[2021-02-24 12:46:23,461] [INFO] - FGSH_server: FGSH_server stoped
[2021-02-24 12:46:24,169] [INFO] - FGSH_server: FGSH_server started
[2021-02-24 12:46:26,896] [DEBUG] - FGSH_server: delete_task_type started
[2021-02-24 12:46:26,900] [WARNING] - FGSH_server: 404 Not Found: The requested URL was not found on the server. If you entered the URL manually please check your spelling and try again.
[2021-02-24 12:46:26,901] [DEBUG] - FGSH_server: delete_task_type finished
[2021-02-24 12:46:43,768] [INFO] - FGSH_server: FGSH_server stoped
[2021-02-24 12:46:43,848] [INFO] - FGSH_server: FGSH_server stoped
[2021-02-24 12:46:46,271] [INFO] - FGSH_server: FGSH_server started
[2021-02-24 12:46:46,922] [INFO] - FGSH_server: FGSH_server started
[2021-02-24 12:47:02,898] [DEBUG] - FGSH_server: create_task_type started
[2021-02-24 12:47:03,013] [DEBUG] - FGSH_server: create_task_type finished
[2021-02-24 12:47:04,461] [DEBUG] - FGSH_server: create_task_type started
[2021-02-24 12:47:04,462] [DEBUG] - FGSH_server: create_task_type finished
[2021-02-24 12:47:08,544] [DEBUG] - FGSH_server: delete_task_type started
[2021-02-24 12:47:08,622] [DEBUG] - FGSH_server: delete_task_type finished
[2021-02-24 12:47:33,015] [DEBUG] - FGSH_server: get_task_type started
[2021-02-24 12:47:33,021] [WARNING] - FGSH_server: 404 Not Found: The requested URL was not found on the server. If you entered the URL manually please check your spelling and try again.
[2021-02-24 12:47:33,021] [DEBUG] - FGSH_server: get_task_type finished
[2021-02-24 12:47:36,290] [DEBUG] - FGSH_server: get_task_type started
[2021-02-24 12:47:36,292] [DEBUG] - FGSH_server: get_task_type finished
[2021-02-24 12:49:02,505] [DEBUG] - FGSH_server: create_task_type started
[2021-02-24 12:49:02,613] [DEBUG] - FGSH_server: create_task_type finished
[2021-02-24 12:49:08,603] [DEBUG] - FGSH_server: update_task_type started
[2021-02-24 12:49:08,604] [WARNING] - FGSH_server: 404 Not Found: The requested URL was not found on the server. If you entered the URL manually please check your spelling and try again.
[2021-02-24 12:49:08,604] [DEBUG] - FGSH_server: update_task_type finished
[2021-02-24 12:49:14,212] [DEBUG] - FGSH_server: update_task_type started
[2021-02-24 12:49:14,215] [WARNING] - FGSH_server: name 'existing_user' is not defined
[2021-02-24 12:49:14,215] [DEBUG] - FGSH_server: update_task_type finished
[2021-02-24 12:49:34,293] [INFO] - FGSH_server: FGSH_server stoped
[2021-02-24 12:49:34,962] [INFO] - FGSH_server: FGSH_server started
[2021-02-24 12:49:47,009] [INFO] - FGSH_server: FGSH_server stoped
[2021-02-24 12:49:47,706] [INFO] - FGSH_server: FGSH_server started
[2021-02-24 12:50:01,867] [INFO] - FGSH_server: FGSH_server stoped
[2021-02-24 12:50:02,527] [INFO] - FGSH_server: FGSH_server started
[2021-02-24 12:51:52,766] [INFO] - FGSH_server: FGSH_server stoped
[2021-02-24 12:51:53,430] [INFO] - FGSH_server: FGSH_server started
[2021-02-24 12:52:01,584] [DEBUG] - FGSH_server: update_task_type started
[2021-02-24 12:52:01,706] [DEBUG] - FGSH_server: update_task_type finished
[2021-02-24 12:52:08,760] [DEBUG] - FGSH_server: get_task_type started
[2021-02-24 12:52:08,762] [DEBUG] - FGSH_server: get_task_type finished
[2021-02-24 13:41:07,358] [INFO] - FGSH_server: FGSH_server stoped
[2021-02-24 13:41:08,102] [INFO] - FGSH_server: FGSH_server stoped
[2021-02-24 13:52:11,167] [INFO] - FGSH_server: FGSH_server started
[2021-02-24 13:52:15,409] [INFO] - FGSH_server: FGSH_server started
[2021-02-24 13:53:32,063] [INFO] - FGSH_server: FGSH_server started
[2021-02-24 13:53:32,701] [INFO] - FGSH_server: FGSH_server started
[2021-02-24 13:53:35,059] [DEBUG] - FGSH_server: get_all_task started
[2021-02-24 13:53:35,067] [DEBUG] - FGSH_server: get_all_task finished
[2021-02-24 13:55:59,116] [DEBUG] - FGSH_server: create_task started
[2021-02-24 13:55:59,116] [WARNING] - FGSH_server: 'param1' is an invalid keyword argument for Task
[2021-02-24 13:55:59,117] [DEBUG] - FGSH_server: create_task finished
[2021-02-24 13:56:26,621] [DEBUG] - FGSH_server: create_task started
[2021-02-24 13:56:26,738] [DEBUG] - FGSH_server: create_task finished
[2021-02-24 13:57:08,603] [DEBUG] - FGSH_server: create_task started
[2021-02-24 13:57:08,707] [DEBUG] - FGSH_server: create_task finished
[2021-02-24 13:57:28,388] [DEBUG] - FGSH_server: get_task started
[2021-02-24 13:57:28,390] [DEBUG] - FGSH_server: get_task finished
[2021-02-24 13:58:02,073] [DEBUG] - FGSH_server: create_task started
[2021-02-24 13:58:02,202] [DEBUG] - FGSH_server: create_task finished
[2021-02-24 13:58:24,980] [DEBUG] - FGSH_server: delete_task started
[2021-02-24 13:58:25,063] [DEBUG] - FGSH_server: delete_task finished
[2021-02-24 13:59:19,276] [DEBUG] - FGSH_server: update_task started
[2021-02-24 13:59:19,366] [WARNING] - FGSH_server: 'Task' object has no attribute 'role'
[2021-02-24 13:59:19,367] [DEBUG] - FGSH_server: update_task finished
[2021-02-24 13:59:37,027] [INFO] - FGSH_server: FGSH_server stoped
[2021-02-24 13:59:37,712] [INFO] - FGSH_server: FGSH_server started
[2021-02-24 13:59:41,157] [DEBUG] - FGSH_server: update_task started
[2021-02-24 13:59:41,249] [WARNING] - FGSH_server: 'Task' object has no attribute 'role'
[2021-02-24 13:59:41,249] [DEBUG] - FGSH_server: update_task finished
[2021-02-24 13:59:54,164] [INFO] - FGSH_server: FGSH_server stoped
[2021-02-24 13:59:54,861] [INFO] - FGSH_server: FGSH_server started
[2021-02-24 13:59:57,205] [DEBUG] - FGSH_server: update_task started
[2021-02-24 13:59:57,326] [DEBUG] - FGSH_server: update_task finished
[2021-02-24 14:00:05,524] [DEBUG] - FGSH_server: get_task started
[2021-02-24 14:00:05,526] [DEBUG] - FGSH_server: get_task finished
[2021-02-24 14:00:19,928] [DEBUG] - FGSH_server: update_task started
[2021-02-24 14:00:20,052] [DEBUG] - FGSH_server: update_task finished
[2021-02-24 14:00:23,014] [DEBUG] - FGSH_server: get_task started
[2021-02-24 14:00:23,016] [DEBUG] - FGSH_server: get_task finished
[2021-02-24 14:02:21,199] [DEBUG] - FGSH_server: get_task_type started
[2021-02-24 14:02:21,201] [DEBUG] - FGSH_server: get_task_type finished
[2021-02-24 14:31:34,005] [INFO] - FGSH_server: FGSH_server stoped
[2021-02-24 14:31:34,739] [INFO] - FGSH_server: FGSH_server stoped
[2021-02-24 14:32:14,584] [INFO] - FGSH_server: FGSH_server started
[2021-02-24 14:32:15,205] [INFO] - FGSH_server: FGSH_server started
[2021-02-24 14:33:28,522] [INFO] - FGSH_server: FGSH_server stoped
[2021-02-24 14:33:29,093] [INFO] - FGSH_server: FGSH_server stoped
[2021-02-24 14:37:09,815] [INFO] - FGSH_server: FGSH_server started
[2021-02-24 14:37:09,921] [INFO] - FGSH_server: FGSH_server stoped
[2021-02-24 14:37:14,832] [INFO] - FGSH_server: FGSH_server started
[2021-02-24 14:37:20,027] [INFO] - FGSH_server: FGSH_server started
[2021-02-24 14:42:44,041] [INFO] - FGSH_server: FGSH_server started
[2021-02-24 14:42:44,693] [INFO] - FGSH_server: FGSH_server started
[2021-02-24 14:42:52,172] [DEBUG] - FGSH_server: create_role started
[2021-02-24 14:42:52,179] [WARNING] - FGSH_server: __init__() got an unexpected keyword argument 'role'
[2021-02-24 14:42:52,179] [DEBUG] - FGSH_server: create_role finished
[2021-02-24 14:43:29,441] [INFO] - FGSH_server: FGSH_server stoped
[2021-02-24 14:43:30,170] [INFO] - FGSH_server: FGSH_server stoped
[2021-02-24 14:43:43,435] [INFO] - FGSH_server: FGSH_server started
[2021-02-24 14:43:44,050] [INFO] - FGSH_server: FGSH_server started
[2021-02-24 14:43:46,322] [DEBUG] - FGSH_server: create_role started
[2021-02-24 14:43:46,329] [WARNING] - FGSH_server: __init__() got an unexpected keyword argument 'role'
[2021-02-24 14:43:46,330] [DEBUG] - FGSH_server: create_role finished
[2021-02-24 15:08:52,191] [DEBUG] - FGSH_server: create_role started
[2021-02-24 15:08:52,192] [WARNING] - FGSH_server: __init__() got an unexpected keyword argument 'role'
[2021-02-24 15:08:52,193] [DEBUG] - FGSH_server: create_role finished
[2021-02-24 15:09:08,103] [DEBUG] - FGSH_server: create_role started
[2021-02-24 15:09:08,104] [WARNING] - FGSH_server: __init__() got an unexpected keyword argument 'role'
[2021-02-24 15:09:08,104] [DEBUG] - FGSH_server: create_role finished
[2021-02-24 15:09:30,933] [DEBUG] - FGSH_server: create_role started
[2021-02-24 15:09:30,935] [WARNING] - FGSH_server: __init__() got an unexpected keyword argument 'role'
[2021-02-24 15:09:30,935] [DEBUG] - FGSH_server: create_role finished
[2021-02-24 15:10:24,747] [INFO] - FGSH_server: FGSH_server stoped
[2021-02-24 15:10:24,826] [INFO] - FGSH_server: FGSH_server stoped
[2021-02-24 15:10:28,967] [INFO] - FGSH_server: FGSH_server started
[2021-02-24 15:10:29,016] [INFO] - FGSH_server: FGSH_server stoped
[2021-02-24 15:10:41,119] [INFO] - FGSH_server: FGSH_server started
[2021-02-24 15:10:46,872] [INFO] - FGSH_server: FGSH_server started
[2021-02-24 15:10:59,744] [INFO] - FGSH_server: FGSH_server started
[2021-02-24 15:11:00,378] [INFO] - FGSH_server: FGSH_server started
[2021-02-24 15:11:03,622] [DEBUG] - FGSH_server: create_role started
[2021-02-24 15:11:03,629] [WARNING] - FGSH_server: __init__() got an unexpected keyword argument 'role'
[2021-02-24 15:11:03,629] [DEBUG] - FGSH_server: create_role finished
[2021-02-24 15:11:05,301] [DEBUG] - FGSH_server: create_role started
[2021-02-24 15:11:05,302] [WARNING] - FGSH_server: __init__() got an unexpected keyword argument 'role'
[2021-02-24 15:11:05,302] [DEBUG] - FGSH_server: create_role finished
[2021-02-24 15:11:06,356] [DEBUG] - FGSH_server: create_role started
[2021-02-24 15:11:06,358] [WARNING] - FGSH_server: __init__() got an unexpected keyword argument 'role'
[2021-02-24 15:11:06,358] [DEBUG] - FGSH_server: create_role finished
[2021-02-24 15:12:07,038] [INFO] - FGSH_server: FGSH_server stoped
[2021-02-24 15:12:07,730] [INFO] - FGSH_server: FGSH_server started
[2021-02-24 15:12:14,024] [DEBUG] - FGSH_server: create_role started
[2021-02-24 15:12:14,143] [DEBUG] - FGSH_server: create_role finished
[2021-02-24 15:12:34,672] [DEBUG] - FGSH_server: create_role started
[2021-02-24 15:12:34,802] [DEBUG] - FGSH_server: create_role finished
[2021-02-24 15:12:37,410] [DEBUG] - FGSH_server: get_all_roles started
[2021-02-24 15:12:37,411] [DEBUG] - FGSH_server: get_all_roles finished
[2021-02-24 15:13:33,170] [INFO] - FGSH_server: FGSH_server stoped
[2021-02-24 15:13:33,813] [INFO] - FGSH_server: FGSH_server started
[2021-02-24 15:13:41,462] [DEBUG] - FGSH_server: get_all_roles started
[2021-02-24 15:13:41,470] [DEBUG] - FGSH_server: get_all_roles finished
[2021-02-24 15:15:18,816] [INFO] - FGSH_server: FGSH_server stoped
[2021-02-24 15:15:19,520] [INFO] - FGSH_server: FGSH_server started
[2021-02-24 15:15:20,720] [INFO] - FGSH_server: FGSH_server stoped
[2021-02-24 15:15:21,410] [INFO] - FGSH_server: FGSH_server stoped
[2021-02-24 15:16:50,127] [INFO] - FGSH_server: FGSH_server started
[2021-02-24 15:16:50,732] [INFO] - FGSH_server: FGSH_server started
[2021-02-24 15:16:58,135] [DEBUG] - FGSH_server: get_all_roles started
[2021-02-24 15:16:58,143] [DEBUG] - FGSH_server: get_all_roles finished
[2021-02-24 15:18:10,945] [DEBUG] - FGSH_server: get_all_roles started
[2021-02-24 15:18:10,947] [DEBUG] - FGSH_server: get_all_roles finished
[2021-02-24 15:18:48,879] [INFO] - FGSH_server: FGSH_server stoped
[2021-02-24 15:18:49,446] [INFO] - FGSH_server: FGSH_server stoped
[2021-02-24 15:23:10,459] [INFO] - FGSH_server: FGSH_server started
[2021-02-24 15:23:10,509] [INFO] - FGSH_server: FGSH_server stoped
[2021-02-24 15:23:18,542] [INFO] - FGSH_server: FGSH_server started
[2021-02-24 15:24:18,259] [INFO] - FGSH_server: FGSH_server started
[2021-02-24 15:24:18,283] [INFO] - FGSH_server: FGSH_server stoped
[2021-02-24 15:24:26,226] [INFO] - FGSH_server: FGSH_server started
[2021-02-24 15:24:26,274] [INFO] - FGSH_server: FGSH_server stoped
[2021-02-24 15:24:31,160] [INFO] - FGSH_server: FGSH_server started
[2021-02-24 15:24:36,201] [INFO] - FGSH_server: FGSH_server started
[2021-02-24 15:25:01,599] [INFO] - FGSH_server: FGSH_server started
[2021-02-24 15:25:02,224] [INFO] - FGSH_server: FGSH_server started
[2021-02-24 15:25:04,939] [DEBUG] - FGSH_server: create_role started
[2021-02-24 15:25:05,052] [DEBUG] - FGSH_server: create_role finished
[2021-02-24 15:25:09,218] [DEBUG] - FGSH_server: create_role started
[2021-02-24 15:25:09,319] [DEBUG] - FGSH_server: create_role finished
[2021-02-24 15:25:32,690] [DEBUG] - FGSH_server: get_all_roles started
[2021-02-24 15:25:32,691] [DEBUG] - FGSH_server: get_all_roles finished
[2021-02-24 15:26:37,340] [INFO] - FGSH_server: FGSH_server stoped
[2021-02-24 15:26:37,996] [INFO] - FGSH_server: FGSH_server started
[2021-02-24 15:26:46,742] [INFO] - FGSH_server: FGSH_server stoped
[2021-02-24 15:26:47,426] [INFO] - FGSH_server: FGSH_server started
[2021-02-24 15:26:55,655] [DEBUG] - FGSH_server: get_all_roles started
[2021-02-24 15:26:55,662] [DEBUG] - FGSH_server: get_all_roles finished
[2021-02-24 15:27:20,249] [INFO] - FGSH_server: FGSH_server stoped
[2021-02-24 15:27:20,905] [INFO] - FGSH_server: FGSH_server started
[2021-02-24 15:27:23,098] [INFO] - FGSH_server: FGSH_server stoped
[2021-02-24 15:27:23,827] [INFO] - FGSH_server: FGSH_server started
[2021-02-24 15:27:27,153] [INFO] - FGSH_server: FGSH_server stoped
[2021-02-24 15:27:27,856] [INFO] - FGSH_server: FGSH_server started
[2021-02-24 15:27:33,489] [DEBUG] - FGSH_server: get_all_roles started
[2021-02-24 15:27:33,495] [DEBUG] - FGSH_server: get_all_roles finished
[2021-02-24 15:27:55,364] [INFO] - FGSH_server: FGSH_server stoped
[2021-02-24 15:27:56,054] [INFO] - FGSH_server: FGSH_server started
[2021-02-24 15:28:09,064] [INFO] - FGSH_server: FGSH_server stoped
[2021-02-24 15:28:09,716] [INFO] - FGSH_server: FGSH_server started
[2021-02-24 15:28:19,740] [INFO] - FGSH_server: FGSH_server stoped
[2021-02-24 15:28:20,407] [INFO] - FGSH_server: FGSH_server started
[2021-02-24 15:28:32,490] [INFO] - FGSH_server: FGSH_server stoped
[2021-02-24 15:28:33,149] [INFO] - FGSH_server: FGSH_server started
[2021-02-24 15:28:40,534] [DEBUG] - FGSH_server: get_all_roles started
[2021-02-24 15:28:40,541] [DEBUG] - FGSH_server: get_all_roles finished
[2021-02-24 15:29:02,501] [DEBUG] - FGSH_server: update_role started
[2021-02-24 15:29:02,626] [DEBUG] - FGSH_server: update_role finished
[2021-02-24 15:29:06,403] [DEBUG] - FGSH_server: get_all_roles started
[2021-02-24 15:29:06,405] [DEBUG] - FGSH_server: get_all_roles finished
[2021-02-24 15:29:24,095] [DEBUG] - FGSH_server: update_role started
[2021-02-24 15:29:24,210] [DEBUG] - FGSH_server: update_role finished
[2021-02-24 15:29:41,679] [DEBUG] - FGSH_server: create_user started
[2021-02-24 15:29:41,686] [WARNING] - FGSH_server: __init__() got an unexpected keyword argument 'login'
[2021-02-24 15:29:41,686] [DEBUG] - FGSH_server: create_user finished
[2021-02-24 15:35:39,007] [DEBUG] - FGSH_server: create_role started
[2021-02-24 15:35:39,008] [WARNING] - FGSH_server: __init__() got an unexpected keyword argument 'role'
[2021-02-24 15:35:39,008] [DEBUG] - FGSH_server: create_role finished
[2021-02-24 15:36:03,766] [INFO] - FGSH_server: FGSH_server stoped
[2021-02-24 15:36:04,453] [INFO] - FGSH_server: FGSH_server started
[2021-02-24 15:36:53,533] [INFO] - FGSH_server: FGSH_server stoped
[2021-02-24 15:36:54,212] [INFO] - FGSH_server: FGSH_server started
[2021-02-24 15:37:00,467] [DEBUG] - FGSH_server: create_user started
[2021-02-24 15:37:00,703] [DEBUG] - FGSH_server: create_user finished
[2021-02-24 15:37:11,049] [DEBUG] - FGSH_server: create_user started
[2021-02-24 15:37:11,306] [DEBUG] - FGSH_server: create_user finished
[2021-02-24 15:37:16,372] [DEBUG] - FGSH_server: get_all_users started
[2021-02-24 15:37:16,373] [DEBUG] - FGSH_server: get_all_users finished
[2021-02-24 15:38:14,804] [INFO] - FGSH_server: FGSH_server stoped
[2021-02-24 15:38:15,474] [INFO] - FGSH_server: FGSH_server started
[2021-02-24 15:38:20,890] [INFO] - FGSH_server: FGSH_server stoped
[2021-02-24 15:38:21,603] [INFO] - FGSH_server: FGSH_server started
[2021-02-24 15:38:27,084] [INFO] - FGSH_server: FGSH_server stoped
[2021-02-24 15:38:27,739] [INFO] - FGSH_server: FGSH_server started
[2021-02-24 15:38:37,660] [INFO] - FGSH_server: FGSH_server stoped
[2021-02-24 15:38:38,305] [INFO] - FGSH_server: FGSH_server started
[2021-02-24 15:38:52,635] [INFO] - FGSH_server: FGSH_server stoped
[2021-02-24 15:38:53,311] [INFO] - FGSH_server: FGSH_server started
[2021-02-24 15:39:03,247] [INFO] - FGSH_server: FGSH_server stoped
[2021-02-24 15:39:03,914] [INFO] - FGSH_server: FGSH_server started
[2021-02-24 15:40:51,134] [DEBUG] - FGSH_server: get_all_roles started
[2021-02-24 15:40:51,143] [DEBUG] - FGSH_server: get_all_roles finished
[2021-02-24 15:41:03,265] [DEBUG] - FGSH_server: update_role started
[2021-02-24 15:41:03,389] [DEBUG] - FGSH_server: update_role finished
[2021-02-24 15:41:09,803] [DEBUG] - FGSH_server: get_all_users started
[2021-02-24 15:41:09,805] [DEBUG] - FGSH_server: get_all_users finished
[2021-02-24 15:41:47,942] [DEBUG] - FGSH_server: create_task_type started
[2021-02-24 15:41:48,085] [DEBUG] - FGSH_server: create_task_type finished
[2021-02-24 15:41:59,587] [DEBUG] - FGSH_server: create_task_type started
[2021-02-24 15:41:59,690] [DEBUG] - FGSH_server: create_task_type finished
[2021-02-24 15:42:23,922] [DEBUG] - FGSH_server: create_task started
[2021-02-24 15:42:24,096] [DEBUG] - FGSH_server: create_task finished
[2021-02-24 15:42:36,592] [DEBUG] - FGSH_server: get_all_task started
[2021-02-24 15:42:36,594] [DEBUG] - FGSH_server: get_all_task finished
[2021-02-24 15:42:56,915] [DEBUG] - FGSH_server: delete_task started
[2021-02-24 15:42:57,003] [DEBUG] - FGSH_server: delete_task finished
[2021-02-24 15:42:59,831] [DEBUG] - FGSH_server: get_all_task started
[2021-02-24 15:42:59,838] [DEBUG] - FGSH_server: get_all_task finished
[2021-02-24 15:43:15,873] [DEBUG] - FGSH_server: create_task started
[2021-02-24 15:43:16,016] [DEBUG] - FGSH_server: create_task finished
[2021-02-24 15:43:23,535] [DEBUG] - FGSH_server: create_task started
[2021-02-24 15:43:23,664] [DEBUG] - FGSH_server: create_task finished
[2021-02-24 15:43:26,168] [DEBUG] - FGSH_server: get_all_task started
[2021-02-24 15:43:26,171] [DEBUG] - FGSH_server: get_all_task finished
[2021-02-24 15:45:18,242] [INFO] - FGSH_server: FGSH_server stoped
[2021-02-24 15:45:18,327] [INFO] - FGSH_server: FGSH_server stoped
[2021-02-24 15:55:57,238] [INFO] - FGSH_server: FGSH_server started
[2021-02-24 16:08:17,214] [INFO] - FGSH_server: FGSH_server started
[2021-02-24 16:08:21,503] [INFO] - FGSH_server: FGSH_server started
[2021-02-24 16:08:41,801] [INFO] - FGSH_server: FGSH_server started
[2021-02-24 16:08:41,858] [INFO] - FGSH_server: FGSH_server stoped
[2021-02-24 16:08:46,352] [INFO] - FGSH_server: FGSH_server started
[2021-02-24 16:08:50,218] [INFO] - FGSH_server: FGSH_server started
[2021-02-24 16:10:07,500] [INFO] - FGSH_server: FGSH_server started
[2021-02-24 16:10:07,555] [INFO] - FGSH_server: FGSH_server stoped
[2021-02-24 16:10:21,737] [INFO] - FGSH_server: FGSH_server started
[2021-02-24 16:11:00,067] [INFO] - FGSH_server: FGSH_server started
[2021-02-24 16:11:00,123] [INFO] - FGSH_server: FGSH_server stoped
[2021-02-24 16:11:02,777] [INFO] - FGSH_server: FGSH_server started
[2021-02-24 16:11:06,356] [INFO] - FGSH_server: FGSH_server started
[2021-02-24 16:12:25,401] [INFO] - FGSH_server: FGSH_server started
[2021-02-24 16:12:25,443] [INFO] - FGSH_server: FGSH_server stoped
[2021-02-24 16:12:28,807] [INFO] - FGSH_server: FGSH_server started
[2021-02-24 16:12:32,565] [INFO] - FGSH_server: FGSH_server started
[2021-02-24 16:22:07,905] [INFO] - FGSH_server: FGSH_server started
[2021-02-24 16:33:48,720] [INFO] - FGSH_server: FGSH_server started
[2021-02-24 16:33:48,771] [INFO] - FGSH_server: FGSH_server stoped
[2021-02-24 16:33:52,599] [INFO] - FGSH_server: FGSH_server started
[2021-02-24 16:33:56,673] [INFO] - FGSH_server: FGSH_server started
[2021-02-24 16:34:37,115] [INFO] - FGSH_server: FGSH_server started
[2021-02-24 16:34:37,743] [INFO] - FGSH_server: FGSH_server started
[2021-02-24 16:34:44,311] [INFO] - FGSH_server: FGSH_server stoped
[2021-02-24 16:34:44,391] [INFO] - FGSH_server: FGSH_server stoped
[2021-02-24 16:39:57,520] [INFO] - FGSH_server: FGSH_server started
[2021-02-24 16:39:57,558] [INFO] - FGSH_server: FGSH_server stoped
[2021-02-24 16:40:05,991] [INFO] - FGSH_server: FGSH_server started
[2021-02-24 16:40:10,653] [INFO] - FGSH_server: FGSH_server started
[2021-02-24 16:43:10,253] [INFO] - FGSH_server: FGSH_server started
[2021-02-24 16:48:28,351] [INFO] - FGSH_server: FGSH_server started
[2021-02-24 16:48:31,343] [INFO] - FGSH_server: FGSH_server started
[2021-02-27 08:37:29,180] [INFO] - FGSH_server: FGSH_server started
[2021-02-27 08:37:29,257] [INFO] - FGSH_server: FGSH_server stoped
[2021-02-27 08:37:45,047] [INFO] - FGSH_server: FGSH_server started
[2021-02-27 09:53:07,402] [DEBUG] - FGSH_server: create_role started
[2021-02-27 09:53:07,411] [WARNING] - FGSH_server: On relationship Task.users, 'dynamic' loaders cannot be used with many-to-one/one-to-one relationships and/or uselist=False.
[2021-02-27 09:53:07,411] [DEBUG] - FGSH_server: create_role finished
[2021-02-27 09:53:20,004] [DEBUG] - FGSH_server: create_role started
[2021-02-27 09:53:20,005] [WARNING] - FGSH_server: One or more mappers failed to initialize - can't proceed with initialization of other mappers. Triggering mapper: 'mapped class Task->task'. Original exception was: On relationship Task.users, 'dynamic' loaders cannot be used with many-to-one/one-to-one relationships and/or uselist=False.
[2021-02-27 09:53:20,005] [DEBUG] - FGSH_server: create_role finished
[2021-02-27 09:53:41,296] [DEBUG] - FGSH_server: create_role started
[2021-02-27 09:53:41,297] [WARNING] - FGSH_server: One or more mappers failed to initialize - can't proceed with initialization of other mappers. Triggering mapper: 'mapped class Task->task'. Original exception was: On relationship Task.users, 'dynamic' loaders cannot be used with many-to-one/one-to-one relationships and/or uselist=False.
[2021-02-27 09:53:41,297] [DEBUG] - FGSH_server: create_role finished
[2021-02-27 09:58:20,750] [DEBUG] - FGSH_server: create_role started
[2021-02-27 09:58:20,757] [WARNING] - FGSH_server: On relationship Task.users, 'dynamic' loaders cannot be used with many-to-one/one-to-one relationships and/or uselist=False.
[2021-02-27 09:58:20,757] [DEBUG] - FGSH_server: create_role finished
[2021-02-27 10:01:40,843] [DEBUG] - FGSH_server: create_role started
[2021-02-27 10:01:40,845] [WARNING] - FGSH_server: Can't find strategy (('lazy', 'True'),) for User.tasks
[2021-02-27 10:01:40,845] [DEBUG] - FGSH_server: create_role finished
[2021-02-27 10:02:47,387] [DEBUG] - FGSH_server: create_role started
[2021-02-27 10:02:47,494] [DEBUG] - FGSH_server: create_role finished
[2021-02-27 10:08:00,298] [DEBUG] - FGSH_server: create_role started
[2021-02-27 10:08:00,413] [DEBUG] - FGSH_server: create_role finished
[2021-02-27 10:18:11,357] [DEBUG] - FGSH_server: get_all_roles started
[2021-02-27 10:18:11,365] [WARNING] - FGSH_server: Error creating backref 'tasks' on relationship 'Task.users': property of that name exists on mapper 'mapped class User->user'
[2021-02-27 10:18:11,365] [DEBUG] - FGSH_server: get_all_roles finished
[2021-02-27 10:18:53,443] [DEBUG] - FGSH_server: get_all_roles started
[2021-02-27 10:18:53,455] [DEBUG] - FGSH_server: get_all_roles finished
[2021-02-27 10:19:14,850] [DEBUG] - FGSH_server: create_user started
[2021-02-27 10:19:15,098] [DEBUG] - FGSH_server: create_user finished
[2021-02-27 10:19:23,506] [DEBUG] - FGSH_server: create_user started
[2021-02-27 10:19:23,723] [DEBUG] - FGSH_server: create_user finished
[2021-02-27 10:19:33,320] [DEBUG] - FGSH_server: get_all_users started
[2021-02-27 10:19:33,322] [DEBUG] - FGSH_server: get_all_users finished
[2021-02-27 10:22:38,126] [DEBUG] - FGSH_server: get_user started
[2021-02-27 10:22:38,139] [DEBUG] - FGSH_server: get_user finished
[2021-02-27 10:23:47,691] [DEBUG] - FGSH_server: get_role started
[2021-02-27 10:23:47,713] [DEBUG] - FGSH_server: get_role finished
[2021-02-27 10:37:58,809] [DEBUG] - FGSH_server: get_role started
[2021-02-27 10:37:58,821] [DEBUG] - FGSH_server: get_role finished
[2021-02-27 10:39:14,726] [DEBUG] - FGSH_server: create_task_type started
[2021-02-27 10:39:14,728] [WARNING] - FGSH_server: 'input_data' is an invalid keyword argument for TaskType
[2021-02-27 10:39:14,728] [DEBUG] - FGSH_server: create_task_type finished
[2021-02-27 10:39:57,446] [DEBUG] - FGSH_server: create_task_type started
[2021-02-27 10:39:57,546] [DEBUG] - FGSH_server: create_task_type finished
[2021-02-27 10:40:25,996] [DEBUG] - FGSH_server: create_task_type started
[2021-02-27 10:40:26,190] [DEBUG] - FGSH_server: create_task_type finished
[2021-02-27 10:40:36,016] [DEBUG] - FGSH_server: get_all_task_type started
[2021-02-27 10:40:36,018] [DEBUG] - FGSH_server: get_all_task_type finished
[2021-02-27 10:41:20,078] [DEBUG] - FGSH_server: create_task started
[2021-02-27 10:41:20,201] [DEBUG] - FGSH_server: create_task finished
[2021-02-27 10:45:35,748] [DEBUG] - FGSH_server: create_task started
[2021-02-27 10:45:35,836] [DEBUG] - FGSH_server: create_task finished
[2021-02-27 10:45:58,225] [DEBUG] - FGSH_server: get_all_task started
[2021-02-27 10:45:58,233] [DEBUG] - FGSH_server: get_all_task finished
[2021-02-27 10:47:29,476] [DEBUG] - FGSH_server: get_task_type started
[2021-02-27 10:47:29,478] [DEBUG] - FGSH_server: get_task_type finished
[2021-02-27 10:48:08,370] [DEBUG] - FGSH_server: get_all_task started
[2021-02-27 10:48:08,371] [DEBUG] - FGSH_server: get_all_task finished
[2021-02-27 10:48:41,527] [DEBUG] - FGSH_server: create_user started
[2021-02-27 10:48:41,820] [DEBUG] - FGSH_server: create_user finished
[2021-02-27 10:48:58,086] [DEBUG] - FGSH_server: update_user started
[2021-02-27 10:48:58,095] [WARNING] - FGSH_server: (sqlite3.IntegrityError) UNIQUE constraint failed: user.login
[SQL: UPDATE user SET updated_on=CURRENT_TIMESTAMP, login=? WHERE user.id = ?]
[parameters: ('user', 3)]
(Background on this error at: http://sqlalche.me/e/13/gkpj)
[2021-02-27 10:48:58,095] [DEBUG] - FGSH_server: update_user finished
[2021-02-27 10:49:14,166] [DEBUG] - FGSH_server: get_all_users started
[2021-02-27 10:49:14,167] [DEBUG] - FGSH_server: get_all_users finished
[2021-02-27 10:49:48,159] [DEBUG] - FGSH_server: update_user started
[2021-02-27 10:49:48,265] [DEBUG] - FGSH_server: update_user finished
[2021-02-27 10:50:00,939] [DEBUG] - FGSH_server: delete_user started
[2021-02-27 10:50:01,099] [DEBUG] - FGSH_server: delete_user finished
[2021-02-27 10:50:14,889] [DEBUG] - FGSH_server: create_task_type started
[2021-02-27 10:50:14,999] [DEBUG] - FGSH_server: create_task_type finished
[2021-02-27 10:50:22,389] [DEBUG] - FGSH_server: update_task_type started
[2021-02-27 10:50:22,411] [WARNING] - FGSH_server: Entity '<class 'app.task_types.models.TaskType'>' has no property 'input_data'
[2021-02-27 10:50:22,411] [DEBUG] - FGSH_server: update_task_type finished
[2021-02-27 10:50:39,736] [DEBUG] - FGSH_server: update_task_type started
[2021-02-27 10:50:39,864] [DEBUG] - FGSH_server: update_task_type finished
[2021-02-27 10:50:47,926] [DEBUG] - FGSH_server: delete_task_type started
[2021-02-27 10:50:48,031] [DEBUG] - FGSH_server: delete_task_type finished
[2021-02-27 10:50:50,772] [DEBUG] - FGSH_server: get_task_type started
[2021-02-27 10:50:50,790] [DEBUG] - FGSH_server: get_task_type finished
[2021-02-27 10:50:59,477] [DEBUG] - FGSH_server: create_role started
[2021-02-27 10:50:59,570] [DEBUG] - FGSH_server: create_role finished
[2021-02-27 10:51:10,101] [DEBUG] - FGSH_server: update_role started
[2021-02-27 10:51:10,230] [DEBUG] - FGSH_server: update_role finished
[2021-02-27 10:51:13,277] [DEBUG] - FGSH_server: delete_role started
[2021-02-27 10:51:13,412] [DEBUG] - FGSH_server: delete_role finished
[2021-02-27 10:54:33,334] [DEBUG] - FGSH_server: get_all_solution started
[2021-02-27 10:54:33,340] [DEBUG] - FGSH_server: get_all_solution finished
[2021-02-27 10:54:38,404] [DEBUG] - FGSH_server: create_solution started
[2021-02-27 10:54:38,528] [DEBUG] - FGSH_server: create_solution finished
[2021-02-27 10:55:25,228] [DEBUG] - FGSH_server: create_solution started
[2021-02-27 10:55:25,314] [DEBUG] - FGSH_server: create_solution finished
[2021-02-27 10:55:52,537] [DEBUG] - FGSH_server: get_all_solution started
[2021-02-27 10:55:52,546] [DEBUG] - FGSH_server: get_all_solution finished
[2021-02-27 10:58:28,153] [DEBUG] - FGSH_server: get_solution started
[2021-02-27 10:58:28,154] [WARNING] - FGSH_server: name 'Role' is not defined
[2021-02-27 10:58:28,154] [DEBUG] - FGSH_server: get_solution finished
[2021-02-27 10:58:42,844] [DEBUG] - FGSH_server: get_solution started
[2021-02-27 10:58:42,857] [DEBUG] - FGSH_server: get_solution finished
[2021-02-27 10:59:25,845] [DEBUG] - FGSH_server: create_solution started
[2021-02-27 10:59:25,921] [DEBUG] - FGSH_server: create_solution finished
[2021-02-27 11:00:06,968] [DEBUG] - FGSH_server: update_solution started
[2021-02-27 11:00:06,976] [WARNING] - FGSH_server: name 'Role' is not defined
[2021-02-27 11:00:06,976] [DEBUG] - FGSH_server: update_solution finished
[2021-02-27 11:00:18,039] [DEBUG] - FGSH_server: update_solution started
[2021-02-27 11:00:18,184] [DEBUG] - FGSH_server: update_solution finished
[2021-02-27 11:00:47,605] [DEBUG] - FGSH_server: delete_solution started
[2021-02-27 11:00:47,717] [DEBUG] - FGSH_server: delete_solution finished
[2021-02-27 11:36:16,716] [DEBUG] - FGSH_server: get_all_solution started
[2021-02-27 11:36:16,728] [DEBUG] - FGSH_server: get_all_solution finished
[2021-02-27 11:36:46,975] [DEBUG] - FGSH_server: create_task_type started
[2021-02-27 11:36:47,084] [DEBUG] - FGSH_server: create_task_type finished
[2021-02-27 11:36:53,433] [DEBUG] - FGSH_server: get_all_task_type started
[2021-02-27 11:36:53,452] [DEBUG] - FGSH_server: get_all_task_type finished
[2021-02-27 11:37:04,025] [DEBUG] - FGSH_server: delete_task_type started
[2021-02-27 11:37:04,165] [DEBUG] - FGSH_server: delete_task_type finished
